<?xml version="1.0" encoding="UTF-8"?>
<!-- Generated by org.testng.reporters.JUnitReportReporter -->
<testsuite hostname="INBANWL007227" name="POC.Poc_test" tests="1" failures="0" timestamp="12 Jun 2017 16:47:02 GMT" time="24.148" errors="0">
  <testcase name="login" time="24.148" classname="POC.Poc_test"/>
</testsuite> <!-- POC.Poc_test -->
