<?xml version="1.0" encoding="UTF-8"?>
<!-- Generated by org.testng.reporters.JUnitReportReporter -->
<testsuite hostname="INBANWL007227" name="POC.Poc_Demo" tests="3" failures="0" timestamp="13 Jun 2017 14:56:08 GMT" time="33.802" errors="0">
  <testcase name="Logout" time="7.565" classname="POC.Poc_Demo"/>
  <testcase name="Login" time="16.962" classname="POC.Poc_Demo"/>
  <testcase name="SerchRegions" time="9.275" classname="POC.Poc_Demo"/>
</testsuite> <!-- POC.Poc_Demo -->
