<?xml version="1.0" encoding="UTF-8"?>
<!-- Generated by org.testng.reporters.JUnitReportReporter -->
<testsuite hostname="INBANWL007227" name="POC.Poc_Test2" tests="3" failures="0" timestamp="13 Jun 2017 11:16:23 GMT" time="16.691" errors="0">
  <testcase name="Login" time="7.886" classname="POC.Poc_Test2"/>
  <testcase name="SerchRegions" time="5.257" classname="POC.Poc_Test2"/>
  <testcase name="Logout" time="3.548" classname="POC.Poc_Test2"/>
</testsuite> <!-- POC.Poc_Test2 -->
