<?xml version="1.0" encoding="UTF-8"?>
<!-- Generated by org.testng.reporters.JUnitReportReporter -->
<testsuite hostname="INBANWL007227" name="POC.Testcase" tests="1" failures="0" timestamp="9 Jun 2017 11:33:53 GMT" time="21.760" errors="0">
  <testcase name="Launch" time="21.760" classname="POC.Testcase"/>
</testsuite> <!-- POC.Testcase -->
